<?xml version="1.0" encoding="UTF-8"?>
<!-- Generated by org.testng.reporters.JUnitXMLReporter -->
<testsuite hostname="DESKTOP-O06THGR" ignored="0" name="assertDemo1(failed)" tests="2" failures="1" timestamp="19 Jul 2017 14:56:11 GMT" time="0.131" errors="0">
  <testcase name="assertDemo1" time="0.082" classname="maven_demo_project.AssertDemo">
    <failure type="java.lang.IllegalStateException" message="The driver executable does not exist: C:\Ask-Selenium\chromedriver_win32(3)\chromedriver.exe">
      <![CDATA[java.lang.IllegalStateException: The driver executable does not exist: C:\Ask-Selenium\chromedriver_win32(3)\chromedriver.exe
	at com.google.common.base.Preconditions.checkState(Preconditions.java:199)
	at org.openqa.selenium.remote.service.DriverService.checkExecutable(DriverService.java:121)
	at org.openqa.selenium.remote.service.DriverService.findExecutable(DriverService.java:116)
	at org.openqa.selenium.chrome.ChromeDriverService.access$000(ChromeDriverService.java:32)
	at org.openqa.selenium.chrome.ChromeDriverService$Builder.findDefaultExecutable(ChromeDriverService.java:137)
	at org.openqa.selenium.remote.service.DriverService$Builder.build(DriverService.java:296)
	at org.openqa.selenium.chrome.ChromeDriverService.createDefaultService(ChromeDriverService.java:88)
	at org.openqa.selenium.chrome.ChromeDriver.<init>(ChromeDriver.java:116)
	at maven_demo_project.AssertDemo.assertDemo1(AssertDemo.java:13)
	at java.util.concurrent.FutureTask.run(FutureTask.java:266)
	at java.util.concurrent.ThreadPoolExecutor.runWorker(ThreadPoolExecutor.java:1142)
	at java.util.concurrent.ThreadPoolExecutor$Worker.run(ThreadPoolExecutor.java:617)
	at java.lang.Thread.run(Thread.java:745)
... Removed 16 stack frames]]>
    </failure>
  </testcase> <!-- assertDemo1 -->
  <testcase name="assertDemo2" time="0.0" classname="maven_demo_project.AssertDemo">
    <skipped/>
  </testcase> <!-- assertDemo2 -->
</testsuite> <!-- assertDemo1(failed) -->
